# JRE version: Java(TM) SE Runtime Environment (8.0_191-b12) (build 1.8.0_191-b12)
# Java VM: Java HotSpot(TM) 64-Bit Server VM (25.191-b12 mixed mode bsd-amd64 compressed oops)
Heap:
 PSYoungGen      total 341504K, used 98893K [0x0000000175980000, 0x0000000198100000, 0x00000001a0400000)
  eden space 340992K, 28% used [0x0000000175980000,0x000000017b9cb628,0x000000018a680000)
  from space 512K, 56% used [0x0000000198080000,0x00000001980c8000,0x0000000198100000)
  to   space 77312K, 0% used [0x000000018ea00000,0x000000018ea00000,0x0000000193580000)
 ParOldGen       total 356864K, used 207897K [0x0000000120400000, 0x0000000136080000, 0x0000000175980000)
  object space 356864K, 58% used [0x0000000120400000,0x000000012cf066a0,0x0000000136080000)
 Metaspace       used 39265K, capacity 39982K, committed 40152K, reserved 1085440K
  class space    used 4596K, capacity 4773K, committed 4824K, reserved 1048576K
GC Heap History (10 events):
Event: 189.333 GC heap before
{Heap before GC invocations=15 (full 3):
 PSYoungGen      total 245760K, used 183427K [0x0000000175980000, 0x000000018f000000, 0x00000001a0400000)
  eden space 174592K, 100% used [0x0000000175980000,0x0000000180400000,0x0000000180400000)
  from space 71168K, 12% used [0x0000000180400000,0x0000000180ca0e80,0x0000000184980000)
  to   space 81920K, 0% used [0x000000018a000000,0x000000018a000000,0x000000018f000000)
 ParOldGen       total 356864K, used 190690K [0x0000000120400000, 0x0000000136080000, 0x0000000175980000)
  object space 356864K, 53% used [0x0000000120400000,0x000000012be38b68,0x0000000136080000)
 Metaspace       used 39220K, capacity 39982K, committed 40152K, reserved 1085440K
  class space    used 4594K, capacity 4773K, committed 4824K, reserved 1048576K
Event: 189.348 GC heap after
Heap after GC invocations=15 (full 3):
 PSYoungGen      total 333824K, used 192K [0x0000000175980000, 0x000000018f500000, 0x00000001a0400000)
  eden space 251904K, 0% used [0x0000000175980000,0x0000000175980000,0x0000000184f80000)
  from space 81920K, 0% used [0x000000018a000000,0x000000018a030000,0x000000018f000000)
  to   space 82432K, 0% used [0x0000000184f80000,0x0000000184f80000,0x000000018a000000)
 ParOldGen       total 356864K, used 207740K [0x0000000120400000, 0x0000000136080000, 0x0000000175980000)
  object space 356864K, 58% used [0x0000000120400000,0x000000012cedf100,0x0000000136080000)
 Metaspace       used 39220K, capacity 39982K, committed 40152K, reserved 1085440K
  class space    used 4594K, capacity 4773K, committed 4824K, reserved 1048576K
}
Event: 191.664 GC heap before
{Heap before GC invocations=16 (full 3):
 PSYoungGen      total 333824K, used 252096K [0x0000000175980000, 0x000000018f500000, 0x00000001a0400000)
  eden space 251904K, 100% used [0x0000000175980000,0x0000000184f80000,0x0000000184f80000)
  from space 81920K, 0% used [0x000000018a000000,0x000000018a030000,0x000000018f000000)
  to   space 82432K, 0% used [0x0000000184f80000,0x0000000184f80000,0x000000018a000000)
 ParOldGen       total 356864K, used 207740K [0x0000000120400000, 0x0000000136080000, 0x0000000175980000)
  object space 356864K, 58% used [0x0000000120400000,0x000000012cedf100,0x0000000136080000)
 Metaspace       used 39234K, capacity 39982K, committed 40152K, reserved 1085440K
  class space    used 4594K, capacity 4773K, committed 4824K, reserved 1048576K
Event: 191.667 GC heap after
Heap after GC invocations=16 (full 3):
 PSYoungGen      total 334336K, used 96K [0x0000000175980000, 0x0000000195d00000, 0x00000001a0400000)
  eden space 251904K, 0% used [0x0000000175980000,0x0000000175980000,0x0000000184f80000)
  from space 82432K, 0% used [0x0000000184f80000,0x0000000184f98000,0x000000018a000000)
  to   space 82432K, 0% used [0x0000000190c80000,0x0000000190c80000,0x0000000195d00000)
 ParOldGen       total 356864K, used 207817K [0x0000000120400000, 0x0000000136080000, 0x0000000175980000)
  object space 356864K, 58% used [0x0000000120400000,0x000000012cef26a0,0x0000000136080000)
 Metaspace       used 39234K, capacity 39982K, committed 40152K, reserved 1085440K
  class space    used 4594K, capacity 4773K, committed 4824K, reserved 1048576K
}
Event: 198.104 GC heap before
{Heap before GC invocations=17 (full 3):
 PSYoungGen      total 334336K, used 252000K [0x0000000175980000, 0x0000000195d00000, 0x00000001a0400000)
  eden space 251904K, 100% used [0x0000000175980000,0x0000000184f80000,0x0000000184f80000)
  from space 82432K, 0% used [0x0000000184f80000,0x0000000184f98000,0x000000018a000000)
  to   space 82432K, 0% used [0x0000000190c80000,0x0000000190c80000,0x0000000195d00000)
 ParOldGen       total 356864K, used 207817K [0x0000000120400000, 0x0000000136080000, 0x0000000175980000)
  object space 356864K, 58% used [0x0000000120400000,0x000000012cef26a0,0x0000000136080000)
 Metaspace       used 39241K, capacity 39982K, committed 40152K, reserved 1085440K
  class space    used 4594K, capacity 4773K, committed 4824K, reserved 1048576K
Event: 198.108 GC heap after
Heap after GC invocations=17 (full 3):
 PSYoungGen      total 425984K, used 32K [0x0000000175980000, 0x0000000195280000, 0x00000001a0400000)
  eden space 354304K, 0% used [0x0000000175980000,0x0000000175980000,0x000000018b380000)
  from space 71680K, 0% used [0x0000000190c80000,0x0000000190c88000,0x0000000195280000)
  to   space 81408K, 0% used [0x000000018b380000,0x000000018b380000,0x0000000190300000)
 ParOldGen       total 356864K, used 207833K [0x0000000120400000, 0x0000000136080000, 0x0000000175980000)
  object space 356864K, 58% used [0x0000000120400000,0x000000012cef66a0,0x0000000136080000)
 Metaspace       used 39241K, capacity 39982K, committed 40152K, reserved 1085440K
  class space    used 4594K, capacity 4773K, committed 4824K, reserved 1048576K
}
Event: 205.136 GC heap before
{Heap before GC invocations=18 (full 3):
 PSYoungGen      total 425984K, used 354336K [0x0000000175980000, 0x0000000195280000, 0x00000001a0400000)
  eden space 354304K, 100% used [0x0000000175980000,0x000000018b380000,0x000000018b380000)
  from space 71680K, 0% used [0x0000000190c80000,0x0000000190c88000,0x0000000195280000)
  to   space 81408K, 0% used [0x000000018b380000,0x000000018b380000,0x0000000190300000)
 ParOldGen       total 356864K, used 207833K [0x0000000120400000, 0x0000000136080000, 0x0000000175980000)
  object space 356864K, 58% used [0x0000000120400000,0x000000012cef66a0,0x0000000136080000)
 Metaspace       used 39244K, capacity 39982K, committed 40152K, reserved 1085440K
  class space    used 4594K, capacity 4773K, committed 4824K, reserved 1048576K
Event: 205.139 GC heap after
Heap after GC invocations=18 (full 3):
 PSYoungGen      total 435712K, used 64K [0x0000000175980000, 0x000000019ce00000, 0x00000001a0400000)
  eden space 354304K, 0% used [0x0000000175980000,0x0000000175980000,0x000000018b380000)
  from space 81408K, 0% used [0x000000018b380000,0x000000018b390000,0x0000000190300000)
  to   space 79360K, 0% used [0x0000000198080000,0x0000000198080000,0x000000019ce00000)
 ParOldGen       total 356864K, used 207849K [0x0000000120400000, 0x0000000136080000, 0x0000000175980000)
  object space 356864K, 58% used [0x0000000120400000,0x000000012cefa6a0,0x0000000136080000)
 Metaspace       used 39244K, capacity 39982K, committed 40152K, reserved 1085440K
  class space    used 4594K, capacity 4773K, committed 4824K, reserved 1048576K
}
Event: 351.751 GC heap before
{Heap before GC invocations=19 (full 3):
 PSYoungGen      total 435712K, used 354368K [0x0000000175980000, 0x000000019ce00000, 0x00000001a0400000)
  eden space 354304K, 100% used [0x0000000175980000,0x000000018b380000,0x000000018b380000)
  from space 81408K, 0% used [0x000000018b380000,0x000000018b390000,0x0000000190300000)
  to   space 79360K, 0% used [0x0000000198080000,0x0000000198080000,0x000000019ce00000)
 ParOldGen       total 356864K, used 207849K [0x0000000120400000, 0x0000000136080000, 0x0000000175980000)
  object space 356864K, 58% used [0x0000000120400000,0x000000012cefa6a0,0x0000000136080000)
 Metaspace       used 39254K, capacity 39982K, committed 40152K, reserved 1085440K
  class space    used 4594K, capacity 4773K, committed 4824K, reserved 1048576K
Event: 351.754 GC heap after
Heap after GC invocations=19 (full 3):
 PSYoungGen      total 341504K, used 288K [0x0000000175980000, 0x0000000198100000, 0x00000001a0400000)
  eden space 340992K, 0% used [0x0000000175980000,0x0000000175980000,0x000000018a680000)
  from space 512K, 56% used [0x0000000198080000,0x00000001980c8000,0x0000000198100000)
  to   space 77312K, 0% used [0x000000018ea00000,0x000000018ea00000,0x0000000193580000)
 ParOldGen       total 356864K, used 207897K [0x0000000120400000, 0x0000000136080000, 0x0000000175980000)
  object space 356864K, 58% used [0x0000000120400000,0x000000012cf066a0,0x0000000136080000)
 Metaspace       used 39254K, capacity 39982K, committed 40152K, reserved 1085440K
  class space    used 4594K, capacity 4773K, committed 4824K, reserved 1048576K
}

